Arguments: 
  /Users/darksun/.nvm/versions/node/v16.15.1/bin/node /usr/local/bin/yarn watch

PATH: 
  /Users/darksun/.nvm/versions/node/v16.15.1/bin:/Users/darksun/.pyenv/shims:/Library/Frameworks/Python.framework/Versions/3.10/bin:/Library/Frameworks/Python.framework/Versions/3.9/bin:/usr/local/bin:/usr/bin:/bin:/usr/sbin:/sbin:/usr/local/MacGPG2/bin:/Users/darksun/ACLI

Yarn version: 
  1.5.1

Node version: 
  16.15.1

Platform: 
  darwin x64

npm manifest: 
  {
    "name": "dacom-back-reg",
    "version": "1.0.0",
    "description": "Backend for registrator with email confirmation",
    "main": "index.js",
    "scripts": {
      "test": "echo \"Error: no test specified\" && exit 1",
      "start": "node index.js"
    },
    "author": "",
    "license": "ISC",
    "dependencies": {
      "@sendgrid/mail": "^6.3.1",
      "axios": "^0.27.2",
      "dotenv": "^8.0.0",
      "eosjs": "^20.0.3",
      "eosjs-api": "^7.0.4",
      "express": "^4.16.4",
      "fs": "0.0.1-security",
      "md5": "^2.2.1",
      "mongodb": "^3.2.3",
      "node-fetch": "^2.6.1",
      "text-encoding": "^0.7.0",
      "util": "^0.12.4"
    }
  }

yarn manifest: 
  No manifest

Lockfile: 
  No lockfile

Trace: 
  Error: Command "watch" not found.
      at new MessageError (/usr/local/lib/node_modules/yarn/lib/cli.js:186:110)
      at /usr/local/lib/node_modules/yarn/lib/cli.js:87307:17
      at Generator.next (<anonymous>)
      at step (/usr/local/lib/node_modules/yarn/lib/cli.js:98:30)
      at /usr/local/lib/node_modules/yarn/lib/cli.js:116:14
      at new Promise (<anonymous>)
      at new F (/usr/local/lib/node_modules/yarn/lib/cli.js:23451:28)
      at /usr/local/lib/node_modules/yarn/lib/cli.js:95:12
      at runCommand (/usr/local/lib/node_modules/yarn/lib/cli.js:87312:22)
      at Object.<anonymous> (/usr/local/lib/node_modules/yarn/lib/cli.js:87412:14)
